10:56:04.755 [TestNG-tests-1] DEBUG io.netty.buffer.PooledByteBufAllocator - -Dio.netty.allocator.numHeapArenas: 16
10:56:04.760 [TestNG-tests-1] DEBUG io.netty.buffer.PooledByteBufAllocator - -Dio.netty.allocator.numDirectArenas: 16
10:56:04.760 [TestNG-tests-1] DEBUG io.netty.buffer.PooledByteBufAllocator - -Dio.netty.allocator.pageSize: 8192
10:56:04.760 [TestNG-tests-1] DEBUG io.netty.buffer.PooledByteBufAllocator - -Dio.netty.allocator.maxOrder: 9
10:56:04.761 [TestNG-tests-1] DEBUG io.netty.buffer.PooledByteBufAllocator - -Dio.netty.allocator.chunkSize: 4194304
10:56:04.761 [TestNG-tests-1] DEBUG io.netty.buffer.PooledByteBufAllocator - -Dio.netty.allocator.smallCacheSize: 256
10:56:04.761 [TestNG-tests-1] DEBUG io.netty.buffer.PooledByteBufAllocator - -Dio.netty.allocator.normalCacheSize: 64
10:56:04.771 [TestNG-tests-1] DEBUG io.netty.buffer.PooledByteBufAllocator - -Dio.netty.allocator.maxCachedBufferCapacity: 32768
10:56:04.771 [TestNG-tests-1] DEBUG io.netty.buffer.PooledByteBufAllocator - -Dio.netty.allocator.cacheTrimInterval: 8192
10:56:04.771 [TestNG-tests-1] DEBUG io.netty.buffer.PooledByteBufAllocator - -Dio.netty.allocator.cacheTrimIntervalMillis: 0
10:56:04.772 [TestNG-tests-1] DEBUG io.netty.buffer.PooledByteBufAllocator - -Dio.netty.allocator.useCacheForAllThreads: false
10:56:04.772 [TestNG-tests-1] DEBUG io.netty.buffer.PooledByteBufAllocator - -Dio.netty.allocator.maxCachedByteBuffersPerChunk: 1023
10:56:04.795 [TestNG-tests-1] DEBUG io.netty.buffer.ByteBufUtil - -Dio.netty.allocator.type: pooled
10:56:04.795 [TestNG-tests-1] DEBUG io.netty.buffer.ByteBufUtil - -Dio.netty.threadLocalDirectBufferSize: 0
10:56:04.795 [TestNG-tests-1] DEBUG io.netty.buffer.ByteBufUtil - -Dio.netty.maxThreadLocalCharBufferSize: 16384
10:56:05.698 [Forwarding newSession on session null to remote] DEBUG io.netty.channel.DefaultChannelId - -Dio.netty.processId: 16888 (auto-detected)
10:56:05.705 [Forwarding newSession on session null to remote] DEBUG io.netty.util.NetUtil - -Djava.net.preferIPv4Stack: false
10:56:05.705 [Forwarding newSession on session null to remote] DEBUG io.netty.util.NetUtil - -Djava.net.preferIPv6Addresses: false
10:56:05.735 [Forwarding newSession on session null to remote] DEBUG io.netty.util.NetUtilInitializations - Loopback interface: lo (Software Loopback Interface 1, 127.0.0.1)
10:56:05.738 [Forwarding newSession on session null to remote] DEBUG io.netty.util.NetUtil - Failed to get SOMAXCONN from sysctl and file \proc\sys\net\core\somaxconn. Default: 200
10:56:05.817 [Forwarding newSession on session null to remote] DEBUG io.netty.channel.DefaultChannelId - -Dio.netty.machineId: c0:e4:34:ff:fe:0b:83:ff (auto-detected)
10:56:05.908 [AsyncHttpClient-1-2] DEBUG io.netty.buffer.AbstractByteBuf - -Dio.netty.buffer.checkAccessible: true
10:56:05.909 [AsyncHttpClient-1-2] DEBUG io.netty.buffer.AbstractByteBuf - -Dio.netty.buffer.checkBounds: true
10:56:05.909 [AsyncHttpClient-1-2] DEBUG io.netty.util.ResourceLeakDetectorFactory - Loaded default ResourceLeakDetector: io.netty.util.ResourceLeakDetector@638199db
10:56:05.958 [AsyncHttpClient-1-2] DEBUG io.netty.util.Recycler - -Dio.netty.recycler.maxCapacityPerThread: 4096
10:56:05.958 [AsyncHttpClient-1-2] DEBUG io.netty.util.Recycler - -Dio.netty.recycler.ratio: 8
10:56:05.958 [AsyncHttpClient-1-2] DEBUG io.netty.util.Recycler - -Dio.netty.recycler.chunkSize: 32
10:56:05.958 [AsyncHttpClient-1-2] DEBUG io.netty.util.Recycler - -Dio.netty.recycler.blocking: false
10:56:07.164 [AsyncHttpClient-1-2] DEBUG io.netty.handler.codec.compression.Brotli - brotli4j not in the classpath; Brotli support will be unavailable.
10:56:07.690 [TestNG-tests-4] DEBUG io.netty.util.internal.ThreadLocalRandom - -Dio.netty.initialSeedUniquifier: 0x310c8a66d34d2514
10:56:07.875 [TestNG-tests-4] INFO  DemoSwagLab.LoginValidation - driver is initialized
10:56:10.543 [TestNG-tests-1] INFO  DemoSwagLab.TitleValidation - driver is initialized
10:56:11.307 [TestNG-tests-2] INFO  DemoSwagLab.DollarValidation - driver is initialized
10:56:11.609 [TestNG-tests-3] INFO  DemoSwagLab.BackTitleVerification - driver is initialized
10:56:16.242 [TestNG-tests-2] INFO  DemoSwagLab.DollarValidation - Dolar validation
10:56:16.419 [TestNG-tests-3] INFO  DemoSwagLab.BackTitleVerification - Title verification
10:56:17.699 [TestNG-tests-1] INFO  DemoSwagLab.TitleValidation - Title verification
10:56:22.650 [TestNG-tests-2] INFO  DemoSwagLab.DollarValidation - Dolar validation
10:56:23.892 [TestNG-tests-2] INFO  DemoSwagLab.DollarValidation - Browser is closed
10:56:24.941 [TestNG-tests-1] INFO  DemoSwagLab.TitleValidation - Title verification
10:56:25.558 [TestNG-tests-1] INFO  DemoSwagLab.TitleValidation - Browser is closed
10:56:27.981 [TestNG-tests-3] INFO  DemoSwagLab.BackTitleVerification - Title verification
10:56:28.553 [TestNG-tests-3] INFO  DemoSwagLab.BackTitleVerification - Browser is closed
10:56:45.372 [TestNG-tests-4] INFO  DemoSwagLab.LoginValidation - Eroor message validation
