19:16:46.941 [TestNG-tests-2] DEBUG io.netty.buffer.PooledByteBufAllocator - -Dio.netty.allocator.numHeapArenas: 16
19:16:46.949 [TestNG-tests-2] DEBUG io.netty.buffer.PooledByteBufAllocator - -Dio.netty.allocator.numDirectArenas: 16
19:16:46.949 [TestNG-tests-2] DEBUG io.netty.buffer.PooledByteBufAllocator - -Dio.netty.allocator.pageSize: 8192
19:16:46.949 [TestNG-tests-2] DEBUG io.netty.buffer.PooledByteBufAllocator - -Dio.netty.allocator.maxOrder: 9
19:16:46.950 [TestNG-tests-2] DEBUG io.netty.buffer.PooledByteBufAllocator - -Dio.netty.allocator.chunkSize: 4194304
19:16:46.950 [TestNG-tests-2] DEBUG io.netty.buffer.PooledByteBufAllocator - -Dio.netty.allocator.smallCacheSize: 256
19:16:46.950 [TestNG-tests-2] DEBUG io.netty.buffer.PooledByteBufAllocator - -Dio.netty.allocator.normalCacheSize: 64
19:16:46.951 [TestNG-tests-2] DEBUG io.netty.buffer.PooledByteBufAllocator - -Dio.netty.allocator.maxCachedBufferCapacity: 32768
19:16:46.951 [TestNG-tests-2] DEBUG io.netty.buffer.PooledByteBufAllocator - -Dio.netty.allocator.cacheTrimInterval: 8192
19:16:46.951 [TestNG-tests-2] DEBUG io.netty.buffer.PooledByteBufAllocator - -Dio.netty.allocator.cacheTrimIntervalMillis: 0
19:16:46.951 [TestNG-tests-2] DEBUG io.netty.buffer.PooledByteBufAllocator - -Dio.netty.allocator.useCacheForAllThreads: false
19:16:46.951 [TestNG-tests-2] DEBUG io.netty.buffer.PooledByteBufAllocator - -Dio.netty.allocator.maxCachedByteBuffersPerChunk: 1023
19:16:46.982 [TestNG-tests-2] DEBUG io.netty.buffer.ByteBufUtil - -Dio.netty.allocator.type: pooled
19:16:46.982 [TestNG-tests-2] DEBUG io.netty.buffer.ByteBufUtil - -Dio.netty.threadLocalDirectBufferSize: 0
19:16:46.982 [TestNG-tests-2] DEBUG io.netty.buffer.ByteBufUtil - -Dio.netty.maxThreadLocalCharBufferSize: 16384
19:16:48.437 [Forwarding newSession on session null to remote] DEBUG io.netty.channel.DefaultChannelId - -Dio.netty.processId: 10916 (auto-detected)
19:16:48.442 [Forwarding newSession on session null to remote] DEBUG io.netty.util.NetUtil - -Djava.net.preferIPv4Stack: false
19:16:48.442 [Forwarding newSession on session null to remote] DEBUG io.netty.util.NetUtil - -Djava.net.preferIPv6Addresses: false
19:16:48.469 [Forwarding newSession on session null to remote] DEBUG io.netty.util.NetUtilInitializations - Loopback interface: lo (Software Loopback Interface 1, 127.0.0.1)
19:16:48.471 [Forwarding newSession on session null to remote] DEBUG io.netty.util.NetUtil - Failed to get SOMAXCONN from sysctl and file \proc\sys\net\core\somaxconn. Default: 200
19:16:48.537 [Forwarding newSession on session null to remote] DEBUG io.netty.channel.DefaultChannelId - -Dio.netty.machineId: c0:e4:34:ff:fe:0b:83:ff (auto-detected)
19:16:48.670 [AsyncHttpClient-1-3] DEBUG io.netty.buffer.AbstractByteBuf - -Dio.netty.buffer.checkAccessible: true
19:16:48.670 [AsyncHttpClient-1-3] DEBUG io.netty.buffer.AbstractByteBuf - -Dio.netty.buffer.checkBounds: true
19:16:48.670 [AsyncHttpClient-1-3] DEBUG io.netty.util.ResourceLeakDetectorFactory - Loaded default ResourceLeakDetector: io.netty.util.ResourceLeakDetector@7bd6b2ac
19:16:48.735 [AsyncHttpClient-1-3] DEBUG io.netty.util.Recycler - -Dio.netty.recycler.maxCapacityPerThread: 4096
19:16:48.735 [AsyncHttpClient-1-3] DEBUG io.netty.util.Recycler - -Dio.netty.recycler.ratio: 8
19:16:48.735 [AsyncHttpClient-1-3] DEBUG io.netty.util.Recycler - -Dio.netty.recycler.chunkSize: 32
19:16:48.735 [AsyncHttpClient-1-3] DEBUG io.netty.util.Recycler - -Dio.netty.recycler.blocking: false
19:16:51.152 [AsyncHttpClient-1-2] DEBUG io.netty.handler.codec.compression.Brotli - brotli4j not in the classpath; Brotli support will be unavailable.
19:16:51.399 [TestNG-tests-2] DEBUG io.netty.util.internal.ThreadLocalRandom - -Dio.netty.initialSeedUniquifier: 0xc8e07c1b71ae2b37
19:16:51.518 [TestNG-tests-4] INFO  DemoSwagLab.LoginValidation - driver is initialized
19:16:51.519 [TestNG-tests-3] INFO  DemoSwagLab.BackTitleVerification - driver is initialized
19:16:51.519 [TestNG-tests-1] INFO  DemoSwagLab.TitleValidation - driver is initialized
19:16:51.520 [TestNG-tests-2] INFO  DemoSwagLab.DollarValidation - driver is initialized
19:17:00.543 [TestNG-tests-3] INFO  DemoSwagLab.BackTitleVerification - Title verification
19:17:03.989 [TestNG-tests-1] INFO  DemoSwagLab.TitleValidation - Title verification
19:17:10.579 [TestNG-tests-1] INFO  DemoSwagLab.TitleValidation - Title verification
19:17:10.918 [TestNG-tests-1] INFO  DemoSwagLab.TitleValidation - Browser is closed
19:17:11.437 [TestNG-tests-3] INFO  DemoSwagLab.BackTitleVerification - Title verification
19:17:11.984 [TestNG-tests-3] INFO  DemoSwagLab.BackTitleVerification - Browser is closed
19:17:13.297 [TestNG-tests-2] INFO  DemoSwagLab.DollarValidation - Dolar validation
19:17:18.988 [TestNG-tests-2] INFO  DemoSwagLab.DollarValidation - Dolar validation
19:17:19.241 [TestNG-tests-2] INFO  DemoSwagLab.DollarValidation - Browser is closed
19:17:32.962 [TestNG-tests-4] INFO  DemoSwagLab.LoginValidation - Eroor message validation
